142.9594 	DEBUG 	Fullscreen settings ignored as running in pilot mode.
142.9601 	INFO 	Loaded monitor calibration from ['2026_02_18 14:03']
144.0881 	INFO 	Using renderer 'Intel(R) UHD Graphics 620' for graphics
144.0881 	INFO 	OpenGL version supported by driver is 4..
144.3431 	EXP 	Created window1 = Window(allowGUI=False, allowStencil=True, autoLog=True, backendConf=UNKNOWN, backgroundFit=<method-wrapper '__getattribute__' of attributeSetter object at 0x000001E45823DAB0>, backgroundImage=<method-wrapper '__getattribute__' of attributeSetter object at 0x000001E45823DB10>, bitsMode=UNKNOWN, blendMode='avg', bpc=(8, 8, 8), color=array([0, 0, 0]), colorSpace='rgb', depthBits=8, fullscr=False, gamma=None, gammaErrorPolicy='raise', infoMsg=UNKNOWN, lms=UNKNOWN, monitor=<psychopy.monitors.calibTools.Monitor object at 0x000001E456497F70>, multiSample=False, name='window1', numSamples=2, pos=[np.float64(560.0), np.float64(240.0)], screen=0, size=array([800, 600]), stencilBits=8, stereo=False, title='PsychoPy', units='height', useFBO=True, useRetina=False, viewOri=0.0, viewPos=None, viewScale=None, waitBlanking=True, winType='pyglet')
144.3432 	EXP 	window1: backgroundImage = ''
144.3432 	EXP 	window1: backgroundFit = 'none'
144.3924 	DEBUG 	TextBox2 loaded 1 chars with 0 blanks and 1 valid
144.4062 	DEBUG 	TextBox2 loaded 1 chars with 0 blanks and 1 valid
144.4203 	DEBUG 	TextBox2 loaded 1 chars with 0 blanks and 1 valid
144.4343 	DEBUG 	TextBox2 loaded 1 chars with 0 blanks and 1 valid
144.4492 	DEBUG 	TextBox2 loaded 1 chars with 0 blanks and 1 valid
144.4631 	DEBUG 	TextBox2 loaded 1 chars with 0 blanks and 1 valid
144.4784 	DEBUG 	TextBox2 loaded 1 chars with 0 blanks and 1 valid
144.4935 	DEBUG 	TextBox2 loaded 1 chars with 0 blanks and 1 valid
144.5069 	DEBUG 	TextBox2 loaded 1 chars with 0 blanks and 1 valid
144.5203 	DEBUG 	TextBox2 loaded 1 chars with 0 blanks and 1 valid
144.5346 	DEBUG 	TextBox2 loaded 1 chars with 0 blanks and 1 valid
144.5486 	DEBUG 	TextBox2 loaded 1 chars with 0 blanks and 1 valid
144.5626 	DEBUG 	TextBox2 loaded 1 chars with 0 blanks and 1 valid
144.5764 	DEBUG 	TextBox2 loaded 1 chars with 0 blanks and 1 valid
144.5900 	DEBUG 	TextBox2 loaded 1 chars with 0 blanks and 1 valid
144.6044 	DEBUG 	TextBox2 loaded 1 chars with 0 blanks and 1 valid
144.6190 	DEBUG 	TextBox2 loaded 1 chars with 0 blanks and 1 valid
144.6327 	DEBUG 	TextBox2 loaded 1 chars with 0 blanks and 1 valid
144.6472 	DEBUG 	TextBox2 loaded 1 chars with 0 blanks and 1 valid
144.6612 	DEBUG 	TextBox2 loaded 1 chars with 0 blanks and 1 valid
144.6746 	DEBUG 	TextBox2 loaded 1 chars with 0 blanks and 1 valid
144.6760 	DEBUG 	Uploading Texture Font fontname to graphics card
144.6894 	DEBUG 	Upload of Texture Font fontname complete
144.7216 	DEBUG 	TextBox2 loaded 1 chars with 0 blanks and 1 valid
144.7359 	DEBUG 	TextBox2 loaded 1 chars with 0 blanks and 1 valid
144.7503 	DEBUG 	TextBox2 loaded 1 chars with 0 blanks and 1 valid
144.7506 	DEBUG 	Uploading Texture Font fontname to graphics card
144.7652 	DEBUG 	Upload of Texture Font fontname complete
144.7688 	EXP 	window1: Attempting to measure frame rate of screen (0) ...
144.7688 	EXP 	window1: recordFrameIntervals = False
144.9698 	EXP 	window1: recordFrameIntervals = True
145.0338 	WARNING 	t of last frame was 29.62ms (=1/33)
145.2035 	EXP 	Screen (0) actual frame rate measured at 59.09Hz
145.2036 	EXP 	window1: recordFrameIntervals = False
145.2615 	DEBUG 	TextBox2 loaded 1 chars with 0 blanks and 1 valid
145.2767 	DEBUG 	TextBox2 loaded 1 chars with 0 blanks and 1 valid
145.2908 	DEBUG 	TextBox2 loaded 1 chars with 0 blanks and 1 valid
145.3050 	DEBUG 	TextBox2 loaded 1 chars with 0 blanks and 1 valid
145.3191 	DEBUG 	TextBox2 loaded 1 chars with 0 blanks and 1 valid
145.3335 	DEBUG 	TextBox2 loaded 1 chars with 0 blanks and 1 valid
145.3471 	DEBUG 	TextBox2 loaded 1 chars with 0 blanks and 1 valid
145.3614 	DEBUG 	TextBox2 loaded 1 chars with 0 blanks and 1 valid
145.3755 	DEBUG 	TextBox2 loaded 1 chars with 0 blanks and 1 valid
145.3895 	DEBUG 	TextBox2 loaded 1 chars with 0 blanks and 1 valid
145.3898 	DEBUG 	Uploading Texture Font fontname to graphics card
145.3909 	DEBUG 	Upload of Texture Font fontname complete
145.5304 	INFO 	keyboard.Keyboard is using ptb backend.
145.5304 	EXP 	untitled: status = STARTED
145.5584 	DEBUG 	Saving data for untitled ExperimentHandler
145.5592 	INFO 	saved data to C:\Users\user\Documents\MRnGO_psychopy_experiment\data\pilot_untitled_2026-03-09_20h19.45.166.psydat
145.5599 	INFO 	saved data to 'C:\\Users\\user\\Documents\\MRnGO_psychopy_experiment\\data\\pilot_untitled_2026-03-09_20h19.45.166.csv'
145.5740 	WARNING 	Stopping key buffers but this could be dangerous ifother keyboards rely on the same.
